<?xml version="1.0" encoding="UTF-8"?>
<!-- Generated by org.testng.reporters.JUnitReportReporter -->
<testsuite hostname="DESKTOP-9I1KIAB" failures="0" tests="2" name="com.ws.testcase.TestLoginPage" time="22.026" errors="0" timestamp="2024-03-26T09:38:32 PDT" skipped="0">
  <testcase classname="com.ws.testcase.TestLoginPage" name="testLoginFunction" time="12.297"/>
  <testcase classname="com.ws.testcase.TestLoginPage" name="testLoginPageTitle" time="9.729"/>
</testsuite> <!-- com.ws.testcase.TestLoginPage -->
