<?xml version="1.0" encoding="UTF-8"?>
<!-- Generated by org.testng.reporters.JUnitReportReporter -->
<testsuite hostname="DESKTOP-9I1KIAB" failures="0" tests="1" name="com.ws.base.DriverScript" time="5.679" errors="0" timestamp="2024-03-25T11:40:26 PDT" skipped="0">
  <testcase classname="com.ws.base.DriverScript" name="initApplication" time="5.679"/>
</testsuite> <!-- com.ws.base.DriverScript -->
